{"C:\\Users\\munoz\\facilisimo\\src\\config\\constants.js": {"path":"C:\\Users\\munoz\\facilisimo\\src\\config\\constants.js","statementMap":{"0":{"start":{"line":6,"column":0},"end":{"line":46,"column":2}}},"fnMap":{},"branchMap":{},"s":{"0":0},"f":{},"b":{}}
,"C:\\Users\\munoz\\facilisimo\\src\\controllers\\authController.js": {"path":"C:\\Users\\munoz\\facilisimo\\src\\controllers\\authController.js","statementMap":{"0":{"start":{"line":6,"column":20},"end":{"line":6,"column":54}},"1":{"start":{"line":7,"column":18},"end":{"line":7,"column":50}},"2":{"start":{"line":8,"column":37},"end":{"line":8,"column":74}},"3":{"start":{"line":15,"column":0},"end":{"line":22,"column":2}},"4":{"start":{"line":16,"column":2},"end":{"line":21,"column":3}},"5":{"start":{"line":17,"column":17},"end":{"line":17,"column":66}},"6":{"start":{"line":18,"column":4},"end":{"line":18,"column":36}},"7":{"start":{"line":20,"column":4},"end":{"line":20,"column":14}},"8":{"start":{"line":29,"column":0},"end":{"line":50,"column":2}},"9":{"start":{"line":30,"column":2},"end":{"line":49,"column":3}},"10":{"start":{"line":31,"column":38},"end":{"line":31,"column":46}},"11":{"start":{"line":32,"column":20},"end":{"line":32,"column":90}},"12":{"start":{"line":34,"column":17},"end":{"line":37,"column":5}},"13":{"start":{"line":40,"column":4},"end":{"line":40,"column":33}},"14":{"start":{"line":42,"column":4},"end":{"line":46,"column":6}},"15":{"start":{"line":48,"column":4},"end":{"line":48,"column":14}},"16":{"start":{"line":57,"column":0},"end":{"line":66,"column":2}},"17":{"start":{"line":58,"column":2},"end":{"line":65,"column":3}},"18":{"start":{"line":59,"column":22},"end":{"line":59,"column":32}},"19":{"start":{"line":60,"column":4},"end":{"line":60,"column":42}},"20":{"start":{"line":62,"column":4},"end":{"line":62,"column":62}},"21":{"start":{"line":64,"column":4},"end":{"line":64,"column":14}},"22":{"start":{"line":73,"column":0},"end":{"line":86,"column":2}},"23":{"start":{"line":74,"column":2},"end":{"line":85,"column":3}},"24":{"start":{"line":75,"column":32},"end":{"line":75,"column":40}},"25":{"start":{"line":77,"column":17},"end":{"line":77,"column":61}},"26":{"start":{"line":80,"column":4},"end":{"line":80,"column":33}},"27":{"start":{"line":82,"column":4},"end":{"line":82,"column":36}},"28":{"start":{"line":84,"column":4},"end":{"line":84,"column":14}},"29":{"start":{"line":93,"column":0},"end":{"line":102,"column":2}},"30":{"start":{"line":94,"column":2},"end":{"line":101,"column":3}},"31":{"start":{"line":95,"column":19},"end":{"line":95,"column":37}},"32":{"start":{"line":96,"column":19},"end":{"line":96,"column":65}},"33":{"start":{"line":98,"column":4},"end":{"line":98,"column":69}},"34":{"start":{"line":100,"column":4},"end":{"line":100,"column":14}},"35":{"start":{"line":109,"column":0},"end":{"line":117,"column":2}},"36":{"start":{"line":110,"column":2},"end":{"line":116,"column":5}},"37":{"start":{"line":111,"column":4},"end":{"line":113,"column":5}},"38":{"start":{"line":112,"column":6},"end":{"line":112,"column":23}},"39":{"start":{"line":114,"column":4},"end":{"line":114,"column":73}},"40":{"start":{"line":115,"column":4},"end":{"line":115,"column":64}}},"fnMap":{"0":{"name":"(anonymous_0)","decl":{"start":{"line":15,"column":16},"end":{"line":15,"column":17}},"loc":{"start":{"line":15,"column":42},"end":{"line":22,"column":1}},"line":15},"1":{"name":"(anonymous_1)","decl":{"start":{"line":29,"column":19},"end":{"line":29,"column":20}},"loc":{"start":{"line":29,"column":45},"end":{"line":50,"column":1}},"line":29},"2":{"name":"(anonymous_2)","decl":{"start":{"line":57,"column":23},"end":{"line":57,"column":24}},"loc":{"start":{"line":57,"column":49},"end":{"line":66,"column":1}},"line":57},"3":{"name":"(anonymous_3)","decl":{"start":{"line":73,"column":16},"end":{"line":73,"column":17}},"loc":{"start":{"line":73,"column":42},"end":{"line":86,"column":1}},"line":73},"4":{"name":"(anonymous_4)","decl":{"start":{"line":93,"column":19},"end":{"line":93,"column":20}},"loc":{"start":{"line":93,"column":45},"end":{"line":102,"column":1}},"line":93},"5":{"name":"(anonymous_5)","decl":{"start":{"line":109,"column":17},"end":{"line":109,"column":18}},"loc":{"start":{"line":109,"column":37},"end":{"line":117,"column":1}},"line":109},"6":{"name":"(anonymous_6)","decl":{"start":{"line":110,"column":22},"end":{"line":110,"column":23}},"loc":{"start":{"line":110,"column":31},"end":{"line":116,"column":3}},"line":110}},"branchMap":{"0":{"loc":{"start":{"line":32,"column":20},"end":{"line":32,"column":90}},"type":"binary-expr","locations":[{"start":{"line":32,"column":20},"end":{"line":32,"column":40}},{"start":{"line":32,"column":44},"end":{"line":32,"column":90}}],"line":32},"1":{"loc":{"start":{"line":32,"column":64},"end":{"line":32,"column":88}},"type":"binary-expr","locations":[{"start":{"line":32,"column":64},"end":{"line":32,"column":80}},{"start":{"line":32,"column":84},"end":{"line":32,"column":88}}],"line":32},"2":{"loc":{"start":{"line":111,"column":4},"end":{"line":113,"column":5}},"type":"if","locations":[{"start":{"line":111,"column":4},"end":{"line":113,"column":5}},{"start":{},"end":{}}],"line":111},"3":{"loc":{"start":{"line":114,"column":20},"end":{"line":114,"column":71}},"type":"binary-expr","locations":[{"start":{"line":114,"column":20},"end":{"line":114,"column":51}},{"start":{"line":114,"column":55},"end":{"line":114,"column":71}}],"line":114}},"s":{"0":0,"1":0,"2":0,"3":0,"4":0,"5":0,"6":0,"7":0,"8":0,"9":0,"10":0,"11":0,"12":0,"13":0,"14":0,"15":0,"16":0,"17":0,"18":0,"19":0,"20":0,"21":0,"22":0,"23":0,"24":0,"25":0,"26":0,"27":0,"28":0,"29":0,"30":0,"31":0,"32":0,"33":0,"34":0,"35":0,"36":0,"37":0,"38":0,"39":0,"40":0},"f":{"0":0,"1":0,"2":0,"3":0,"4":0,"5":0,"6":0},"b":{"0":[0,0],"1":[0,0],"2":[0,0],"3":[0,0]}}
,"C:\\Users\\munoz\\facilisimo\\src\\controllers\\jobController.js": {"path":"C:\\Users\\munoz\\facilisimo\\src\\controllers\\jobController.js","statementMap":{"0":{"start":{"line":6,"column":19},"end":{"line":6,"column":52}},"1":{"start":{"line":7,"column":24},"end":{"line":7,"column":61}},"2":{"start":{"line":14,"column":0},"end":{"line":23,"column":2}},"3":{"start":{"line":15,"column":2},"end":{"line":22,"column":3}},"4":{"start":{"line":16,"column":19},"end":{"line":16,"column":37}},"5":{"start":{"line":17,"column":20},"end":{"line":17,"column":68}},"6":{"start":{"line":19,"column":4},"end":{"line":19,"column":62}},"7":{"start":{"line":21,"column":4},"end":{"line":21,"column":14}}},"fnMap":{"0":{"name":"(anonymous_0)","decl":{"start":{"line":14,"column":21},"end":{"line":14,"column":22}},"loc":{"start":{"line":14,"column":47},"end":{"line":23,"column":1}},"line":14}},"branchMap":{},"s":{"0":0,"1":0,"2":0,"3":0,"4":0,"5":0,"6":0,"7":0},"f":{"0":0},"b":{}}
,"C:\\Users\\munoz\\facilisimo\\src\\jobs\\weeklyCvJobCompare.js": {"path":"C:\\Users\\munoz\\facilisimo\\src\\jobs\\weeklyCvJobCompare.js","statementMap":{"0":{"start":{"line":6,"column":19},"end":{"line":6,"column":52}},"1":{"start":{"line":11,"column":4},"end":{"line":11,"column":34}},"2":{"start":{"line":22,"column":14},"end":{"line":22,"column":24}},"3":{"start":{"line":23,"column":15},"end":{"line":23,"column":28}},"4":{"start":{"line":24,"column":2},"end":{"line":24,"column":24}},"5":{"start":{"line":25,"column":2},"end":{"line":25,"column":26}},"6":{"start":{"line":26,"column":2},"end":{"line":26,"column":22}},"7":{"start":{"line":29,"column":21},"end":{"line":29,"column":33}},"8":{"start":{"line":30,"column":18},"end":{"line":30,"column":50}},"9":{"start":{"line":31,"column":2},"end":{"line":34,"column":3}},"10":{"start":{"line":33,"column":4},"end":{"line":33,"column":18}},"11":{"start":{"line":35,"column":2},"end":{"line":35,"column":42}},"12":{"start":{"line":36,"column":2},"end":{"line":36,"column":20}},"13":{"start":{"line":43,"column":20},"end":{"line":43,"column":30}},"14":{"start":{"line":44,"column":2},"end":{"line":44,"column":73}},"15":{"start":{"line":46,"column":2},"end":{"line":71,"column":3}},"16":{"start":{"line":47,"column":20},"end":{"line":47,"column":65}},"17":{"start":{"line":49,"column":4},"end":{"line":54,"column":7}},"18":{"start":{"line":57,"column":4},"end":{"line":64,"column":7}},"19":{"start":{"line":58,"column":6},"end":{"line":60,"column":8}},"20":{"start":{"line":66,"column":4},"end":{"line":66,"column":60}},"21":{"start":{"line":68,"column":20},"end":{"line":68,"column":30}},"22":{"start":{"line":69,"column":21},"end":{"line":69,"column":62}},"23":{"start":{"line":70,"column":4},"end":{"line":70,"column":86}},"24":{"start":{"line":87,"column":17},"end":{"line":87,"column":57}},"25":{"start":{"line":88,"column":2},"end":{"line":91,"column":3}},"26":{"start":{"line":89,"column":4},"end":{"line":89,"column":99}},"27":{"start":{"line":90,"column":4},"end":{"line":90,"column":20}},"28":{"start":{"line":93,"column":14},"end":{"line":93,"column":18}},"29":{"start":{"line":95,"column":23},"end":{"line":109,"column":3}},"30":{"start":{"line":96,"column":19},"end":{"line":96,"column":42}},"31":{"start":{"line":97,"column":19},"end":{"line":97,"column":48}},"32":{"start":{"line":98,"column":4},"end":{"line":98,"column":85}},"33":{"start":{"line":100,"column":4},"end":{"line":108,"column":15}},"34":{"start":{"line":101,"column":6},"end":{"line":101,"column":34}},"35":{"start":{"line":103,"column":21},"end":{"line":103,"column":44}},"36":{"start":{"line":104,"column":6},"end":{"line":107,"column":17}},"37":{"start":{"line":105,"column":8},"end":{"line":105,"column":36}},"38":{"start":{"line":106,"column":8},"end":{"line":106,"column":41}},"39":{"start":{"line":111,"column":2},"end":{"line":111,"column":17}},"40":{"start":{"line":112,"column":2},"end":{"line":114,"column":4}},"41":{"start":{"line":113,"column":4},"end":{"line":113,"column":35}},"42":{"start":{"line":113,"column":15},"end":{"line":113,"column":35}},"43":{"start":{"line":117,"column":0},"end":{"line":117,"column":48}}},"fnMap":{"0":{"name":"msUntilNextRun","decl":{"start":{"line":21,"column":9},"end":{"line":21,"column":23}},"loc":{"start":{"line":21,"column":70},"end":{"line":37,"column":1}},"line":21},"1":{"name":"runWeeklyComparison","decl":{"start":{"line":42,"column":15},"end":{"line":42,"column":34}},"loc":{"start":{"line":42,"column":37},"end":{"line":72,"column":1}},"line":42},"2":{"name":"(anonymous_2)","decl":{"start":{"line":57,"column":32},"end":{"line":57,"column":33}},"loc":{"start":{"line":57,"column":47},"end":{"line":64,"column":5}},"line":57},"3":{"name":"scheduleWeeklyCvJobCompare","decl":{"start":{"line":82,"column":9},"end":{"line":82,"column":35}},"loc":{"start":{"line":86,"column":3},"end":{"line":115,"column":1}},"line":86},"4":{"name":"(anonymous_4)","decl":{"start":{"line":90,"column":11},"end":{"line":90,"column":12}},"loc":{"start":{"line":90,"column":17},"end":{"line":90,"column":19}},"line":90},"5":{"name":"(anonymous_5)","decl":{"start":{"line":95,"column":23},"end":{"line":95,"column":24}},"loc":{"start":{"line":95,"column":29},"end":{"line":109,"column":3}},"line":95},"6":{"name":"(anonymous_6)","decl":{"start":{"line":100,"column":23},"end":{"line":100,"column":24}},"loc":{"start":{"line":100,"column":35},"end":{"line":108,"column":5}},"line":100},"7":{"name":"tick","decl":{"start":{"line":104,"column":40},"end":{"line":104,"column":44}},"loc":{"start":{"line":104,"column":47},"end":{"line":107,"column":7}},"line":104},"8":{"name":"(anonymous_8)","decl":{"start":{"line":112,"column":9},"end":{"line":112,"column":10}},"loc":{"start":{"line":112,"column":15},"end":{"line":114,"column":3}},"line":112}},"branchMap":{"0":{"loc":{"start":{"line":21,"column":24},"end":{"line":21,"column":68}},"type":"default-arg","locations":[{"start":{"line":21,"column":66},"end":{"line":21,"column":68}}],"line":21},"1":{"loc":{"start":{"line":21,"column":26},"end":{"line":21,"column":39}},"type":"default-arg","locations":[{"start":{"line":21,"column":38},"end":{"line":21,"column":39}}],"line":21},"2":{"loc":{"start":{"line":21,"column":41},"end":{"line":21,"column":49}},"type":"default-arg","locations":[{"start":{"line":21,"column":48},"end":{"line":21,"column":49}}],"line":21},"3":{"loc":{"start":{"line":21,"column":51},"end":{"line":21,"column":61}},"type":"default-arg","locations":[{"start":{"line":21,"column":60},"end":{"line":21,"column":61}}],"line":21},"4":{"loc":{"start":{"line":31,"column":2},"end":{"line":34,"column":3}},"type":"if","locations":[{"start":{"line":31,"column":2},"end":{"line":34,"column":3}},{"start":{},"end":{}}],"line":31},"5":{"loc":{"start":{"line":31,"column":6},"end":{"line":31,"column":36}},"type":"binary-expr","locations":[{"start":{"line":31,"column":6},"end":{"line":31,"column":21}},{"start":{"line":31,"column":25},"end":{"line":31,"column":36}}],"line":31},"6":{"loc":{"start":{"line":82,"column":36},"end":{"line":86,"column":1}},"type":"default-arg","locations":[{"start":{"line":82,"column":46},"end":{"line":86,"column":1}}],"line":82},"7":{"loc":{"start":{"line":88,"column":2},"end":{"line":91,"column":3}},"type":"if","locations":[{"start":{"line":88,"column":2},"end":{"line":91,"column":3}},{"start":{},"end":{}}],"line":88},"8":{"loc":{"start":{"line":88,"column":6},"end":{"line":88,"column":49}},"type":"binary-expr","locations":[{"start":{"line":88,"column":6},"end":{"line":88,"column":13}},{"start":{"line":88,"column":17},"end":{"line":88,"column":49}}],"line":88},"9":{"loc":{"start":{"line":113,"column":4},"end":{"line":113,"column":35}},"type":"if","locations":[{"start":{"line":113,"column":4},"end":{"line":113,"column":35}},{"start":{},"end":{}}],"line":113}},"s":{"0":0,"1":0,"2":0,"3":0,"4":0,"5":0,"6":0,"7":0,"8":0,"9":0,"10":0,"11":0,"12":0,"13":0,"14":0,"15":0,"16":0,"17":0,"18":0,"19":0,"20":0,"21":0,"22":0,"23":0,"24":0,"25":0,"26":0,"27":0,"28":0,"29":0,"30":0,"31":0,"32":0,"33":0,"34":0,"35":0,"36":0,"37":0,"38":0,"39":0,"40":0,"41":0,"42":0,"43":0},"f":{"0":0,"1":0,"2":0,"3":0,"4":0,"5":0,"6":0,"7":0,"8":0},"b":{"0":[0],"1":[0],"2":[0],"3":[0],"4":[0,0],"5":[0,0],"6":[0],"7":[0,0],"8":[0,0],"9":[0,0]}}
,"C:\\Users\\munoz\\facilisimo\\src\\middleware\\auth.js": {"path":"C:\\Users\\munoz\\facilisimo\\src\\middleware\\auth.js","statementMap":{"0":{"start":{"line":6,"column":30},"end":{"line":6,"column":56}},"1":{"start":{"line":12,"column":0},"end":{"line":25,"column":2}},"2":{"start":{"line":13,"column":2},"end":{"line":15,"column":3}},"3":{"start":{"line":14,"column":4},"end":{"line":14,"column":56}},"4":{"start":{"line":17,"column":2},"end":{"line":19,"column":3}},"5":{"start":{"line":18,"column":4},"end":{"line":18,"column":18}},"6":{"start":{"line":21,"column":2},"end":{"line":24,"column":4}}},"fnMap":{"0":{"name":"(anonymous_0)","decl":{"start":{"line":12,"column":17},"end":{"line":12,"column":18}},"loc":{"start":{"line":12,"column":37},"end":{"line":25,"column":1}},"line":12}},"branchMap":{"0":{"loc":{"start":{"line":13,"column":2},"end":{"line":15,"column":3}},"type":"if","locations":[{"start":{"line":13,"column":2},"end":{"line":15,"column":3}},{"start":{},"end":{}}],"line":13},"1":{"loc":{"start":{"line":17,"column":2},"end":{"line":19,"column":3}},"type":"if","locations":[{"start":{"line":17,"column":2},"end":{"line":19,"column":3}},{"start":{},"end":{}}],"line":17},"2":{"loc":{"start":{"line":17,"column":6},"end":{"line":17,"column":39}},"type":"binary-expr","locations":[{"start":{"line":17,"column":6},"end":{"line":17,"column":17}},{"start":{"line":17,"column":21},"end":{"line":17,"column":39}}],"line":17}},"s":{"0":0,"1":0,"2":0,"3":0,"4":0,"5":0,"6":0},"f":{"0":0},"b":{"0":[0,0],"1":[0,0],"2":[0,0]}}
,"C:\\Users\\munoz\\facilisimo\\src\\middleware\\errorHandler.js": {"path":"C:\\Users\\munoz\\facilisimo\\src\\middleware\\errorHandler.js","statementMap":{"0":{"start":{"line":2,"column":38},"end":{"line":2,"column":64}},"1":{"start":{"line":3,"column":29},"end":{"line":3,"column":57}},"2":{"start":{"line":8,"column":0},"end":{"line":19,"column":2}},"3":{"start":{"line":9,"column":17},"end":{"line":9,"column":38}},"4":{"start":{"line":10,"column":2},"end":{"line":17,"column":3}},"5":{"start":{"line":11,"column":28},"end":{"line":15,"column":7}},"6":{"start":{"line":11,"column":55},"end":{"line":15,"column":5}},"7":{"start":{"line":16,"column":4},"end":{"line":16,"column":70}},"8":{"start":{"line":18,"column":2},"end":{"line":18,"column":9}},"9":{"start":{"line":24,"column":0},"end":{"line":32,"column":2}},"10":{"start":{"line":25,"column":2},"end":{"line":31,"column":5}},"11":{"start":{"line":37,"column":0},"end":{"line":111,"column":2}},"12":{"start":{"line":39,"column":2},"end":{"line":41,"column":3}},"13":{"start":{"line":40,"column":4},"end":{"line":40,"column":33}},"14":{"start":{"line":44,"column":2},"end":{"line":59,"column":3}},"15":{"start":{"line":45,"column":21},"end":{"line":51,"column":5}},"16":{"start":{"line":54,"column":4},"end":{"line":56,"column":5}},"17":{"start":{"line":55,"column":6},"end":{"line":55,"column":42}},"18":{"start":{"line":58,"column":4},"end":{"line":58,"column":53}},"19":{"start":{"line":62,"column":2},"end":{"line":75,"column":3}},"20":{"start":{"line":63,"column":19},"end":{"line":66,"column":7}},"21":{"start":{"line":63,"column":55},"end":{"line":66,"column":5}},"22":{"start":{"line":67,"column":4},"end":{"line":74,"column":7}},"23":{"start":{"line":78,"column":2},"end":{"line":88,"column":3}},"24":{"start":{"line":79,"column":18},"end":{"line":79,"column":48}},"25":{"start":{"line":80,"column":4},"end":{"line":87,"column":7}},"26":{"start":{"line":91,"column":2},"end":{"line":99,"column":3}},"27":{"start":{"line":92,"column":4},"end":{"line":98,"column":7}},"28":{"start":{"line":102,"column":2},"end":{"line":102,"column":42}},"29":{"start":{"line":103,"column":2},"end":{"line":110,"column":5}}},"fnMap":{"0":{"name":"(anonymous_0)","decl":{"start":{"line":8,"column":33},"end":{"line":8,"column":34}},"loc":{"start":{"line":8,"column":53},"end":{"line":19,"column":1}},"line":8},"1":{"name":"(anonymous_1)","decl":{"start":{"line":11,"column":47},"end":{"line":11,"column":48}},"loc":{"start":{"line":11,"column":55},"end":{"line":15,"column":5}},"line":11},"2":{"name":"(anonymous_2)","decl":{"start":{"line":24,"column":19},"end":{"line":24,"column":20}},"loc":{"start":{"line":24,"column":33},"end":{"line":32,"column":1}},"line":24},"3":{"name":"(anonymous_3)","decl":{"start":{"line":37,"column":23},"end":{"line":37,"column":24}},"loc":{"start":{"line":37,"column":48},"end":{"line":111,"column":1}},"line":37},"4":{"name":"(anonymous_4)","decl":{"start":{"line":63,"column":49},"end":{"line":63,"column":50}},"loc":{"start":{"line":63,"column":55},"end":{"line":66,"column":5}},"line":63}},"branchMap":{"0":{"loc":{"start":{"line":10,"column":2},"end":{"line":17,"column":3}},"type":"if","locations":[{"start":{"line":10,"column":2},"end":{"line":17,"column":3}},{"start":{},"end":{}}],"line":10},"1":{"loc":{"start":{"line":12,"column":13},"end":{"line":12,"column":34}},"type":"binary-expr","locations":[{"start":{"line":12,"column":13},"end":{"line":12,"column":21}},{"start":{"line":12,"column":25},"end":{"line":12,"column":34}}],"line":12},"2":{"loc":{"start":{"line":39,"column":2},"end":{"line":41,"column":3}},"type":"if","locations":[{"start":{"line":39,"column":2},"end":{"line":41,"column":3}},{"start":{},"end":{}}],"line":39},"3":{"loc":{"start":{"line":44,"column":2},"end":{"line":59,"column":3}},"type":"if","locations":[{"start":{"line":44,"column":2},"end":{"line":59,"column":3}},{"start":{},"end":{}}],"line":44},"4":{"loc":{"start":{"line":54,"column":4},"end":{"line":56,"column":5}},"type":"if","locations":[{"start":{"line":54,"column":4},"end":{"line":56,"column":5}},{"start":{},"end":{}}],"line":54},"5":{"loc":{"start":{"line":54,"column":8},"end":{"line":54,"column":43}},"type":"binary-expr","locations":[{"start":{"line":54,"column":8},"end":{"line":54,"column":18}},{"start":{"line":54,"column":22},"end":{"line":54,"column":43}}],"line":54},"6":{"loc":{"start":{"line":62,"column":2},"end":{"line":75,"column":3}},"type":"if","locations":[{"start":{"line":62,"column":2},"end":{"line":75,"column":3}},{"start":{},"end":{}}],"line":62},"7":{"loc":{"start":{"line":78,"column":2},"end":{"line":88,"column":3}},"type":"if","locations":[{"start":{"line":78,"column":2},"end":{"line":88,"column":3}},{"start":{},"end":{}}],"line":78},"8":{"loc":{"start":{"line":91,"column":2},"end":{"line":99,"column":3}},"type":"if","locations":[{"start":{"line":91,"column":2},"end":{"line":99,"column":3}},{"start":{},"end":{}}],"line":91},"9":{"loc":{"start":{"line":108,"column":10},"end":{"line":108,"column":71}},"type":"binary-expr","locations":[{"start":{"line":108,"column":10},"end":{"line":108,"column":47}},{"start":{"line":108,"column":51},"end":{"line":108,"column":71}}],"line":108}},"s":{"0":0,"1":0,"2":0,"3":0,"4":0,"5":0,"6":0,"7":0,"8":0,"9":0,"10":0,"11":0,"12":0,"13":0,"14":0,"15":0,"16":0,"17":0,"18":0,"19":0,"20":0,"21":0,"22":0,"23":0,"24":0,"25":0,"26":0,"27":0,"28":0,"29":0},"f":{"0":0,"1":0,"2":0,"3":0,"4":0},"b":{"0":[0,0],"1":[0,0],"2":[0,0],"3":[0,0],"4":[0,0],"5":[0,0],"6":[0,0],"7":[0,0],"8":[0,0],"9":[0,0]}}
,"C:\\Users\\munoz\\facilisimo\\src\\middleware\\upload.js": {"path":"C:\\Users\\munoz\\facilisimo\\src\\middleware\\upload.js","statementMap":{"0":{"start":{"line":6,"column":11},"end":{"line":6,"column":24}},"1":{"start":{"line":7,"column":13},"end":{"line":7,"column":28}},"2":{"start":{"line":8,"column":15},"end":{"line":8,"column":32}},"3":{"start":{"line":9,"column":15},"end":{"line":9,"column":32}},"4":{"start":{"line":10,"column":62},"end":{"line":10,"column":92}},"5":{"start":{"line":13,"column":18},"end":{"line":13,"column":64}},"6":{"start":{"line":14,"column":0},"end":{"line":14,"column":45}},"7":{"start":{"line":19,"column":16},"end":{"line":42,"column":2}},"8":{"start":{"line":21,"column":4},"end":{"line":21,"column":24}},"9":{"start":{"line":24,"column":19},"end":{"line":24,"column":37}},"10":{"start":{"line":25,"column":21},"end":{"line":25,"column":77}},"11":{"start":{"line":26,"column":22},"end":{"line":26,"column":43}},"12":{"start":{"line":27,"column":16},"end":{"line":27,"column":61}},"13":{"start":{"line":30,"column":21},"end":{"line":30,"column":80}},"14":{"start":{"line":30,"column":57},"end":{"line":30,"column":79}},"15":{"start":{"line":31,"column":4},"end":{"line":33,"column":5}},"16":{"start":{"line":32,"column":6},"end":{"line":32,"column":52}},"17":{"start":{"line":36,"column":23},"end":{"line":39,"column":20}},"18":{"start":{"line":40,"column":4},"end":{"line":40,"column":48}},"19":{"start":{"line":47,"column":19},"end":{"line":54,"column":1}},"20":{"start":{"line":48,"column":14},"end":{"line":48,"column":59}},"21":{"start":{"line":49,"column":2},"end":{"line":53,"column":3}},"22":{"start":{"line":50,"column":4},"end":{"line":50,"column":19}},"23":{"start":{"line":52,"column":4},"end":{"line":52,"column":58}},"24":{"start":{"line":59,"column":15},"end":{"line":63,"column":2}},"25":{"start":{"line":65,"column":0},"end":{"line":65,"column":24}}},"fnMap":{"0":{"name":"(anonymous_0)","decl":{"start":{"line":20,"column":15},"end":{"line":20,"column":16}},"loc":{"start":{"line":20,"column":34},"end":{"line":22,"column":3}},"line":20},"1":{"name":"(anonymous_1)","decl":{"start":{"line":23,"column":12},"end":{"line":23,"column":13}},"loc":{"start":{"line":23,"column":31},"end":{"line":41,"column":3}},"line":23},"2":{"name":"(anonymous_2)","decl":{"start":{"line":30,"column":52},"end":{"line":30,"column":53}},"loc":{"start":{"line":30,"column":57},"end":{"line":30,"column":79}},"line":30},"3":{"name":"(anonymous_3)","decl":{"start":{"line":47,"column":19},"end":{"line":47,"column":20}},"loc":{"start":{"line":47,"column":38},"end":{"line":54,"column":1}},"line":47}},"branchMap":{"0":{"loc":{"start":{"line":31,"column":4},"end":{"line":33,"column":5}},"type":"if","locations":[{"start":{"line":31,"column":4},"end":{"line":33,"column":5}},{"start":{},"end":{}}],"line":31},"1":{"loc":{"start":{"line":49,"column":2},"end":{"line":53,"column":3}},"type":"if","locations":[{"start":{"line":49,"column":2},"end":{"line":53,"column":3}},{"start":{"line":51,"column":9},"end":{"line":53,"column":3}}],"line":49},"2":{"loc":{"start":{"line":49,"column":6},"end":{"line":49,"column":66}},"type":"binary-expr","locations":[{"start":{"line":49,"column":6},"end":{"line":49,"column":20}},{"start":{"line":49,"column":24},"end":{"line":49,"column":66}}],"line":49}},"s":{"0":0,"1":0,"2":0,"3":0,"4":0,"5":0,"6":0,"7":0,"8":0,"9":0,"10":0,"11":0,"12":0,"13":0,"14":0,"15":0,"16":0,"17":0,"18":0,"19":0,"20":0,"21":0,"22":0,"23":0,"24":0,"25":0},"f":{"0":0,"1":0,"2":0,"3":0},"b":{"0":[0,0],"1":[0,0],"2":[0,0]}}
,"C:\\Users\\munoz\\facilisimo\\src\\middleware\\validators.js": {"path":"C:\\Users\\munoz\\facilisimo\\src\\middleware\\validators.js","statementMap":{"0":{"start":{"line":6,"column":17},"end":{"line":6,"column":45}},"1":{"start":{"line":12,"column":4},"end":{"line":12,"column":34}},"2":{"start":{"line":15,"column":19},"end":{"line":15,"column":52}},"3":{"start":{"line":20,"column":0},"end":{"line":49,"column":2}},"4":{"start":{"line":54,"column":0},"end":{"line":68,"column":2}}},"fnMap":{},"branchMap":{},"s":{"0":0,"1":0,"2":0,"3":0,"4":0},"f":{},"b":{}}
,"C:\\Users\\munoz\\facilisimo\\src\\models\\jobModel.js": {"path":"C:\\Users\\munoz\\facilisimo\\src\\models\\jobModel.js","statementMap":{"0":{"start":{"line":2,"column":17},"end":{"line":2,"column":36}},"1":{"start":{"line":4,"column":18},"end":{"line":12,"column":2}},"2":{"start":{"line":14,"column":0},"end":{"line":14,"column":50}}},"fnMap":{},"branchMap":{},"s":{"0":0,"1":0,"2":0},"f":{},"b":{}}
,"C:\\Users\\munoz\\facilisimo\\src\\models\\userModel.js": {"path":"C:\\Users\\munoz\\facilisimo\\src\\models\\userModel.js","statementMap":{"0":{"start":{"line":2,"column":17},"end":{"line":2,"column":36}},"1":{"start":{"line":4,"column":19},"end":{"line":13,"column":24}},"2":{"start":{"line":15,"column":0},"end":{"line":15,"column":52}}},"fnMap":{},"branchMap":{},"s":{"0":0,"1":0,"2":0},"f":{},"b":{}}
,"C:\\Users\\munoz\\facilisimo\\src\\routes\\authRoutes.js": {"path":"C:\\Users\\munoz\\facilisimo\\src\\routes\\authRoutes.js","statementMap":{"0":{"start":{"line":6,"column":16},"end":{"line":6,"column":34}},"1":{"start":{"line":14,"column":4},"end":{"line":14,"column":44}},"2":{"start":{"line":18,"column":4},"end":{"line":18,"column":39}},"3":{"start":{"line":19,"column":35},"end":{"line":19,"column":72}},"4":{"start":{"line":20,"column":15},"end":{"line":20,"column":46}},"5":{"start":{"line":21,"column":20},"end":{"line":21,"column":49}},"6":{"start":{"line":23,"column":15},"end":{"line":23,"column":31}},"7":{"start":{"line":26,"column":0},"end":{"line":26,"column":79}},"8":{"start":{"line":27,"column":0},"end":{"line":27,"column":70}},"9":{"start":{"line":28,"column":0},"end":{"line":28,"column":44}},"10":{"start":{"line":31,"column":0},"end":{"line":31,"column":38}},"11":{"start":{"line":32,"column":0},"end":{"line":32,"column":44}},"12":{"start":{"line":33,"column":0},"end":{"line":38,"column":2}},"13":{"start":{"line":40,"column":0},"end":{"line":40,"column":24}}},"fnMap":{},"branchMap":{},"s":{"0":0,"1":0,"2":0,"3":0,"4":0,"5":0,"6":0,"7":0,"8":0,"9":0,"10":0,"11":0,"12":0,"13":0},"f":{},"b":{}}
,"C:\\Users\\munoz\\facilisimo\\src\\services\\authService.js": {"path":"C:\\Users\\munoz\\facilisimo\\src\\services\\authService.js","statementMap":{"0":{"start":{"line":6,"column":15},"end":{"line":6,"column":34}},"1":{"start":{"line":7,"column":15},"end":{"line":7,"column":32}},"2":{"start":{"line":8,"column":13},"end":{"line":8,"column":43}},"3":{"start":{"line":9,"column":22},"end":{"line":9,"column":47}},"4":{"start":{"line":16,"column":4},"end":{"line":16,"column":30}},"5":{"start":{"line":20,"column":4},"end":{"line":20,"column":34}},"6":{"start":{"line":31,"column":0},"end":{"line":80,"column":2}},"7":{"start":{"line":32,"column":26},"end":{"line":32,"column":60}},"8":{"start":{"line":35,"column":23},"end":{"line":35,"column":69}},"9":{"start":{"line":36,"column":2},"end":{"line":38,"column":3}},"10":{"start":{"line":37,"column":4},"end":{"line":37,"column":72}},"11":{"start":{"line":41,"column":15},"end":{"line":41,"column":55}},"12":{"start":{"line":42,"column":25},"end":{"line":42,"column":58}},"13":{"start":{"line":45,"column":16},"end":{"line":45,"column":54}},"14":{"start":{"line":46,"column":22},"end":{"line":46,"column":66}},"15":{"start":{"line":49,"column":15},"end":{"line":55,"column":4}},"16":{"start":{"line":58,"column":21},"end":{"line":58,"column":59}},"17":{"start":{"line":59,"column":15},"end":{"line":63,"column":3}},"18":{"start":{"line":65,"column":2},"end":{"line":71,"column":3}},"19":{"start":{"line":66,"column":4},"end":{"line":66,"column":79}},"20":{"start":{"line":67,"column":4},"end":{"line":67,"column":59}},"21":{"start":{"line":69,"column":4},"end":{"line":69,"column":63}},"22":{"start":{"line":74,"column":2},"end":{"line":79,"column":4}},"23":{"start":{"line":87,"column":0},"end":{"line":109,"column":2}},"24":{"start":{"line":88,"column":15},"end":{"line":91,"column":4}},"25":{"start":{"line":93,"column":2},"end":{"line":95,"column":3}},"26":{"start":{"line":94,"column":4},"end":{"line":94,"column":76}},"27":{"start":{"line":98,"column":2},"end":{"line":98,"column":31}},"28":{"start":{"line":99,"column":2},"end":{"line":99,"column":37}},"29":{"start":{"line":100,"column":2},"end":{"line":100,"column":44}},"30":{"start":{"line":101,"column":2},"end":{"line":101,"column":20}},"31":{"start":{"line":103,"column":2},"end":{"line":108,"column":4}},"32":{"start":{"line":117,"column":0},"end":{"line":146,"column":2}},"33":{"start":{"line":118,"column":26},"end":{"line":118,"column":60}},"34":{"start":{"line":121,"column":15},"end":{"line":121,"column":61}},"35":{"start":{"line":122,"column":2},"end":{"line":124,"column":3}},"36":{"start":{"line":123,"column":4},"end":{"line":123,"column":81}},"37":{"start":{"line":127,"column":26},"end":{"line":127,"column":71}},"38":{"start":{"line":128,"column":2},"end":{"line":130,"column":3}},"39":{"start":{"line":129,"column":4},"end":{"line":129,"column":81}},"40":{"start":{"line":133,"column":2},"end":{"line":138,"column":3}},"41":{"start":{"line":134,"column":4},"end":{"line":137,"column":6}},"42":{"start":{"line":141,"column":2},"end":{"line":145,"column":4}},"43":{"start":{"line":153,"column":0},"end":{"line":161,"column":2}},"44":{"start":{"line":154,"column":15},"end":{"line":154,"column":62}},"45":{"start":{"line":156,"column":2},"end":{"line":158,"column":3}},"46":{"start":{"line":157,"column":4},"end":{"line":157,"column":71}},"47":{"start":{"line":160,"column":2},"end":{"line":160,"column":14}}},"fnMap":{"0":{"name":"(anonymous_0)","decl":{"start":{"line":31,"column":23},"end":{"line":31,"column":24}},"loc":{"start":{"line":31,"column":69},"end":{"line":80,"column":1}},"line":31},"1":{"name":"(anonymous_1)","decl":{"start":{"line":87,"column":23},"end":{"line":87,"column":24}},"loc":{"start":{"line":87,"column":40},"end":{"line":109,"column":1}},"line":87},"2":{"name":"(anonymous_2)","decl":{"start":{"line":117,"column":20},"end":{"line":117,"column":21}},"loc":{"start":{"line":117,"column":47},"end":{"line":146,"column":1}},"line":117},"3":{"name":"(anonymous_3)","decl":{"start":{"line":153,"column":22},"end":{"line":153,"column":23}},"loc":{"start":{"line":153,"column":40},"end":{"line":161,"column":1}},"line":153}},"branchMap":{"0":{"loc":{"start":{"line":36,"column":2},"end":{"line":38,"column":3}},"type":"if","locations":[{"start":{"line":36,"column":2},"end":{"line":38,"column":3}},{"start":{},"end":{}}],"line":36},"1":{"loc":{"start":{"line":93,"column":2},"end":{"line":95,"column":3}},"type":"if","locations":[{"start":{"line":93,"column":2},"end":{"line":95,"column":3}},{"start":{},"end":{}}],"line":93},"2":{"loc":{"start":{"line":122,"column":2},"end":{"line":124,"column":3}},"type":"if","locations":[{"start":{"line":122,"column":2},"end":{"line":124,"column":3}},{"start":{},"end":{}}],"line":122},"3":{"loc":{"start":{"line":128,"column":2},"end":{"line":130,"column":3}},"type":"if","locations":[{"start":{"line":128,"column":2},"end":{"line":130,"column":3}},{"start":{},"end":{}}],"line":128},"4":{"loc":{"start":{"line":133,"column":2},"end":{"line":138,"column":3}},"type":"if","locations":[{"start":{"line":133,"column":2},"end":{"line":138,"column":3}},{"start":{},"end":{}}],"line":133},"5":{"loc":{"start":{"line":156,"column":2},"end":{"line":158,"column":3}},"type":"if","locations":[{"start":{"line":156,"column":2},"end":{"line":158,"column":3}},{"start":{},"end":{}}],"line":156}},"s":{"0":0,"1":0,"2":0,"3":0,"4":0,"5":0,"6":0,"7":0,"8":0,"9":0,"10":0,"11":0,"12":0,"13":0,"14":0,"15":0,"16":0,"17":0,"18":0,"19":0,"20":0,"21":0,"22":0,"23":0,"24":0,"25":0,"26":0,"27":0,"28":0,"29":0,"30":0,"31":0,"32":0,"33":0,"34":0,"35":0,"36":0,"37":0,"38":0,"39":0,"40":0,"41":0,"42":0,"43":0,"44":0,"45":0,"46":0,"47":0},"f":{"0":0,"1":0,"2":0,"3":0},"b":{"0":[0,0],"1":[0,0],"2":[0,0],"3":[0,0],"4":[0,0],"5":[0,0]}}
,"C:\\Users\\munoz\\facilisimo\\src\\services\\cvService.js": {"path":"C:\\Users\\munoz\\facilisimo\\src\\services\\cvService.js","statementMap":{"0":{"start":{"line":6,"column":11},"end":{"line":6,"column":33}},"1":{"start":{"line":7,"column":13},"end":{"line":7,"column":28}},"2":{"start":{"line":8,"column":13},"end":{"line":8,"column":43}},"3":{"start":{"line":9,"column":24},"end":{"line":9,"column":56}},"4":{"start":{"line":10,"column":43},"end":{"line":10,"column":69}},"5":{"start":{"line":20,"column":0},"end":{"line":87,"column":2}},"6":{"start":{"line":21,"column":2},"end":{"line":23,"column":3}},"7":{"start":{"line":22,"column":4},"end":{"line":22,"column":78}},"8":{"start":{"line":26,"column":2},"end":{"line":33,"column":3}},"9":{"start":{"line":28,"column":4},"end":{"line":28,"column":47}},"10":{"start":{"line":29,"column":4},"end":{"line":32,"column":6}},"11":{"start":{"line":36,"column":15},"end":{"line":36,"column":42}},"12":{"start":{"line":37,"column":2},"end":{"line":41,"column":3}},"13":{"start":{"line":39,"column":4},"end":{"line":39,"column":47}},"14":{"start":{"line":40,"column":4},"end":{"line":40,"column":72}},"15":{"start":{"line":44,"column":2},"end":{"line":50,"column":3}},"16":{"start":{"line":45,"column":20},"end":{"line":45,"column":63}},"17":{"start":{"line":46,"column":4},"end":{"line":49,"column":7}},"18":{"start":{"line":48,"column":6},"end":{"line":48,"column":65}},"19":{"start":{"line":54,"column":2},"end":{"line":63,"column":3}},"20":{"start":{"line":55,"column":4},"end":{"line":55,"column":42}},"21":{"start":{"line":58,"column":4},"end":{"line":58,"column":47}},"22":{"start":{"line":59,"column":4},"end":{"line":62,"column":6}},"23":{"start":{"line":66,"column":2},"end":{"line":73,"column":3}},"24":{"start":{"line":68,"column":4},"end":{"line":68,"column":47}},"25":{"start":{"line":69,"column":4},"end":{"line":72,"column":6}},"26":{"start":{"line":76,"column":23},"end":{"line":76,"column":78}},"27":{"start":{"line":77,"column":2},"end":{"line":77,"column":29}},"28":{"start":{"line":78,"column":2},"end":{"line":78,"column":32}},"29":{"start":{"line":79,"column":2},"end":{"line":79,"column":20}},"30":{"start":{"line":81,"column":2},"end":{"line":86,"column":4}},"31":{"start":{"line":94,"column":0},"end":{"line":108,"column":2}},"32":{"start":{"line":95,"column":15},"end":{"line":95,"column":42}},"33":{"start":{"line":96,"column":2},"end":{"line":98,"column":3}},"34":{"start":{"line":97,"column":4},"end":{"line":97,"column":72}},"35":{"start":{"line":100,"column":2},"end":{"line":105,"column":3}},"36":{"start":{"line":101,"column":4},"end":{"line":104,"column":6}},"37":{"start":{"line":107,"column":2},"end":{"line":107,"column":30}},"38":{"start":{"line":115,"column":0},"end":{"line":142,"column":2}},"39":{"start":{"line":116,"column":15},"end":{"line":116,"column":42}},"40":{"start":{"line":117,"column":2},"end":{"line":119,"column":3}},"41":{"start":{"line":118,"column":4},"end":{"line":118,"column":72}},"42":{"start":{"line":121,"column":2},"end":{"line":126,"column":3}},"43":{"start":{"line":122,"column":4},"end":{"line":125,"column":6}},"44":{"start":{"line":129,"column":17},"end":{"line":129,"column":60}},"45":{"start":{"line":130,"column":2},"end":{"line":132,"column":5}},"46":{"start":{"line":131,"column":4},"end":{"line":131,"column":59}},"47":{"start":{"line":135,"column":19},"end":{"line":135,"column":53}},"48":{"start":{"line":136,"column":2},"end":{"line":136,"column":44}},"49":{"start":{"line":139,"column":2},"end":{"line":139,"column":26}},"50":{"start":{"line":140,"column":2},"end":{"line":140,"column":35}},"51":{"start":{"line":141,"column":2},"end":{"line":141,"column":20}}},"fnMap":{"0":{"name":"(anonymous_0)","decl":{"start":{"line":20,"column":23},"end":{"line":20,"column":24}},"loc":{"start":{"line":20,"column":47},"end":{"line":87,"column":1}},"line":20},"1":{"name":"(anonymous_1)","decl":{"start":{"line":28,"column":37},"end":{"line":28,"column":38}},"loc":{"start":{"line":28,"column":43},"end":{"line":28,"column":45}},"line":28},"2":{"name":"(anonymous_2)","decl":{"start":{"line":39,"column":37},"end":{"line":39,"column":38}},"loc":{"start":{"line":39,"column":43},"end":{"line":39,"column":45}},"line":39},"3":{"name":"(anonymous_3)","decl":{"start":{"line":46,"column":35},"end":{"line":46,"column":36}},"loc":{"start":{"line":46,"column":44},"end":{"line":49,"column":5}},"line":46},"4":{"name":"(anonymous_4)","decl":{"start":{"line":58,"column":37},"end":{"line":58,"column":38}},"loc":{"start":{"line":58,"column":43},"end":{"line":58,"column":45}},"line":58},"5":{"name":"(anonymous_5)","decl":{"start":{"line":68,"column":37},"end":{"line":68,"column":38}},"loc":{"start":{"line":68,"column":43},"end":{"line":68,"column":45}},"line":68},"6":{"name":"(anonymous_6)","decl":{"start":{"line":94,"column":24},"end":{"line":94,"column":25}},"loc":{"start":{"line":94,"column":42},"end":{"line":108,"column":1}},"line":94},"7":{"name":"(anonymous_7)","decl":{"start":{"line":115,"column":23},"end":{"line":115,"column":24}},"loc":{"start":{"line":115,"column":41},"end":{"line":142,"column":1}},"line":115},"8":{"name":"(anonymous_8)","decl":{"start":{"line":130,"column":32},"end":{"line":130,"column":33}},"loc":{"start":{"line":130,"column":41},"end":{"line":132,"column":3}},"line":130},"9":{"name":"(anonymous_9)","decl":{"start":{"line":136,"column":34},"end":{"line":136,"column":35}},"loc":{"start":{"line":136,"column":40},"end":{"line":136,"column":42}},"line":136}},"branchMap":{"0":{"loc":{"start":{"line":21,"column":2},"end":{"line":23,"column":3}},"type":"if","locations":[{"start":{"line":21,"column":2},"end":{"line":23,"column":3}},{"start":{},"end":{}}],"line":21},"1":{"loc":{"start":{"line":26,"column":2},"end":{"line":33,"column":3}},"type":"if","locations":[{"start":{"line":26,"column":2},"end":{"line":33,"column":3}},{"start":{},"end":{}}],"line":26},"2":{"loc":{"start":{"line":37,"column":2},"end":{"line":41,"column":3}},"type":"if","locations":[{"start":{"line":37,"column":2},"end":{"line":41,"column":3}},{"start":{},"end":{}}],"line":37},"3":{"loc":{"start":{"line":44,"column":2},"end":{"line":50,"column":3}},"type":"if","locations":[{"start":{"line":44,"column":2},"end":{"line":50,"column":3}},{"start":{},"end":{}}],"line":44},"4":{"loc":{"start":{"line":66,"column":2},"end":{"line":73,"column":3}},"type":"if","locations":[{"start":{"line":66,"column":2},"end":{"line":73,"column":3}},{"start":{},"end":{}}],"line":66},"5":{"loc":{"start":{"line":66,"column":6},"end":{"line":66,"column":43}},"type":"binary-expr","locations":[{"start":{"line":66,"column":6},"end":{"line":66,"column":13}},{"start":{"line":66,"column":17},"end":{"line":66,"column":43}}],"line":66},"6":{"loc":{"start":{"line":96,"column":2},"end":{"line":98,"column":3}},"type":"if","locations":[{"start":{"line":96,"column":2},"end":{"line":98,"column":3}},{"start":{},"end":{}}],"line":96},"7":{"loc":{"start":{"line":100,"column":2},"end":{"line":105,"column":3}},"type":"if","locations":[{"start":{"line":100,"column":2},"end":{"line":105,"column":3}},{"start":{},"end":{}}],"line":100},"8":{"loc":{"start":{"line":117,"column":2},"end":{"line":119,"column":3}},"type":"if","locations":[{"start":{"line":117,"column":2},"end":{"line":119,"column":3}},{"start":{},"end":{}}],"line":117},"9":{"loc":{"start":{"line":121,"column":2},"end":{"line":126,"column":3}},"type":"if","locations":[{"start":{"line":121,"column":2},"end":{"line":126,"column":3}},{"start":{},"end":{}}],"line":121}},"s":{"0":0,"1":0,"2":0,"3":0,"4":0,"5":0,"6":0,"7":0,"8":0,"9":0,"10":0,"11":0,"12":0,"13":0,"14":0,"15":0,"16":0,"17":0,"18":0,"19":0,"20":0,"21":0,"22":0,"23":0,"24":0,"25":0,"26":0,"27":0,"28":0,"29":0,"30":0,"31":0,"32":0,"33":0,"34":0,"35":0,"36":0,"37":0,"38":0,"39":0,"40":0,"41":0,"42":0,"43":0,"44":0,"45":0,"46":0,"47":0,"48":0,"49":0,"50":0,"51":0},"f":{"0":0,"1":0,"2":0,"3":0,"4":0,"5":0,"6":0,"7":0,"8":0,"9":0},"b":{"0":[0,0],"1":[0,0],"2":[0,0],"3":[0,0],"4":[0,0],"5":[0,0],"6":[0,0],"7":[0,0],"8":[0,0],"9":[0,0]}}
,"C:\\Users\\munoz\\facilisimo\\src\\services\\jobService.js": {"path":"C:\\Users\\munoz\\facilisimo\\src\\services\\jobService.js","statementMap":{"0":{"start":{"line":6,"column":12},"end":{"line":6,"column":41}},"1":{"start":{"line":7,"column":13},"end":{"line":7,"column":43}},"2":{"start":{"line":8,"column":28},"end":{"line":8,"column":60}},"3":{"start":{"line":9,"column":38},"end":{"line":9,"column":68}},"4":{"start":{"line":17,"column":0},"end":{"line":25,"column":2}},"5":{"start":{"line":18,"column":17},"end":{"line":18,"column":54}},"6":{"start":{"line":19,"column":2},"end":{"line":24,"column":4}},"7":{"start":{"line":32,"column":0},"end":{"line":85,"column":2}},"8":{"start":{"line":34,"column":15},"end":{"line":34,"column":42}},"9":{"start":{"line":35,"column":2},"end":{"line":37,"column":3}},"10":{"start":{"line":36,"column":4},"end":{"line":36,"column":14}},"11":{"start":{"line":40,"column":15},"end":{"line":40,"column":76}},"12":{"start":{"line":41,"column":2},"end":{"line":43,"column":3}},"13":{"start":{"line":42,"column":4},"end":{"line":42,"column":14}},"14":{"start":{"line":45,"column":18},"end":{"line":45,"column":20}},"15":{"start":{"line":47,"column":2},"end":{"line":79,"column":3}},"16":{"start":{"line":48,"column":19},"end":{"line":50,"column":31}},"17":{"start":{"line":52,"column":4},"end":{"line":52,"column":26}},"18":{"start":{"line":52,"column":17},"end":{"line":52,"column":26}},"19":{"start":{"line":54,"column":4},"end":{"line":78,"column":5}},"20":{"start":{"line":55,"column":25},"end":{"line":58,"column":7}},"21":{"start":{"line":60,"column":6},"end":{"line":72,"column":7}},"22":{"start":{"line":61,"column":8},"end":{"line":71,"column":11}},"23":{"start":{"line":74,"column":6},"end":{"line":77,"column":8}},"24":{"start":{"line":82,"column":2},"end":{"line":82,"column":44}},"25":{"start":{"line":82,"column":25},"end":{"line":82,"column":42}},"26":{"start":{"line":84,"column":2},"end":{"line":84,"column":17}},"27":{"start":{"line":91,"column":0},"end":{"line":165,"column":2}},"28":{"start":{"line":92,"column":16},"end":{"line":94,"column":11}},"29":{"start":{"line":96,"column":15},"end":{"line":98,"column":11}},"30":{"start":{"line":100,"column":2},"end":{"line":108,"column":3}},"31":{"start":{"line":101,"column":4},"end":{"line":107,"column":6}},"32":{"start":{"line":110,"column":22},"end":{"line":110,"column":24}},"33":{"start":{"line":111,"column":25},"end":{"line":111,"column":26}},"34":{"start":{"line":112,"column":21},"end":{"line":112,"column":22}},"35":{"start":{"line":114,"column":2},"end":{"line":156,"column":3}},"36":{"start":{"line":115,"column":25},"end":{"line":115,"column":26}},"37":{"start":{"line":116,"column":25},"end":{"line":116,"column":27}},"38":{"start":{"line":118,"column":4},"end":{"line":148,"column":5}},"39":{"start":{"line":119,"column":21},"end":{"line":121,"column":33}},"40":{"start":{"line":123,"column":6},"end":{"line":123,"column":28}},"41":{"start":{"line":123,"column":19},"end":{"line":123,"column":28}},"42":{"start":{"line":125,"column":6},"end":{"line":125,"column":25}},"43":{"start":{"line":127,"column":6},"end":{"line":147,"column":7}},"44":{"start":{"line":128,"column":27},"end":{"line":131,"column":9}},"45":{"start":{"line":133,"column":8},"end":{"line":141,"column":9}},"46":{"start":{"line":134,"column":10},"end":{"line":134,"column":27}},"47":{"start":{"line":135,"column":10},"end":{"line":135,"column":25}},"48":{"start":{"line":136,"column":10},"end":{"line":140,"column":13}},"49":{"start":{"line":143,"column":8},"end":{"line":146,"column":10}},"50":{"start":{"line":150,"column":4},"end":{"line":155,"column":7}},"51":{"start":{"line":158,"column":2},"end":{"line":164,"column":4}}},"fnMap":{"0":{"name":"(anonymous_0)","decl":{"start":{"line":17,"column":27},"end":{"line":17,"column":28}},"loc":{"start":{"line":17,"column":53},"end":{"line":25,"column":1}},"line":17},"1":{"name":"(anonymous_1)","decl":{"start":{"line":32,"column":34},"end":{"line":32,"column":35}},"loc":{"start":{"line":32,"column":52},"end":{"line":85,"column":1}},"line":32},"2":{"name":"(anonymous_2)","decl":{"start":{"line":82,"column":15},"end":{"line":82,"column":16}},"loc":{"start":{"line":82,"column":25},"end":{"line":82,"column":42}},"line":82},"3":{"name":"(anonymous_3)","decl":{"start":{"line":91,"column":37},"end":{"line":91,"column":38}},"loc":{"start":{"line":91,"column":49},"end":{"line":165,"column":1}},"line":91}},"branchMap":{"0":{"loc":{"start":{"line":20,"column":14},"end":{"line":20,"column":38}},"type":"binary-expr","locations":[{"start":{"line":20,"column":14},"end":{"line":20,"column":29}},{"start":{"line":20,"column":33},"end":{"line":20,"column":38}}],"line":20},"1":{"loc":{"start":{"line":21,"column":11},"end":{"line":21,"column":28}},"type":"binary-expr","locations":[{"start":{"line":21,"column":11},"end":{"line":21,"column":23}},{"start":{"line":21,"column":27},"end":{"line":21,"column":28}}],"line":21},"2":{"loc":{"start":{"line":22,"column":13},"end":{"line":22,"column":33}},"type":"binary-expr","locations":[{"start":{"line":22,"column":13},"end":{"line":22,"column":27}},{"start":{"line":22,"column":31},"end":{"line":22,"column":33}}],"line":22},"3":{"loc":{"start":{"line":23,"column":23},"end":{"line":23,"column":40}},"type":"binary-expr","locations":[{"start":{"line":23,"column":23},"end":{"line":23,"column":35}},{"start":{"line":23,"column":39},"end":{"line":23,"column":40}}],"line":23},"4":{"loc":{"start":{"line":35,"column":2},"end":{"line":37,"column":3}},"type":"if","locations":[{"start":{"line":35,"column":2},"end":{"line":37,"column":3}},{"start":{},"end":{}}],"line":35},"5":{"loc":{"start":{"line":35,"column":6},"end":{"line":35,"column":36}},"type":"binary-expr","locations":[{"start":{"line":35,"column":6},"end":{"line":35,"column":11}},{"start":{"line":35,"column":15},"end":{"line":35,"column":36}}],"line":35},"6":{"loc":{"start":{"line":41,"column":2},"end":{"line":43,"column":3}},"type":"if","locations":[{"start":{"line":41,"column":2},"end":{"line":43,"column":3}},{"start":{},"end":{}}],"line":41},"7":{"loc":{"start":{"line":48,"column":19},"end":{"line":50,"column":31}},"type":"cond-expr","locations":[{"start":{"line":49,"column":8},"end":{"line":49,"column":43}},{"start":{"line":50,"column":9},"end":{"line":50,"column":30}}],"line":48},"8":{"loc":{"start":{"line":50,"column":9},"end":{"line":50,"column":30}},"type":"binary-expr","locations":[{"start":{"line":50,"column":9},"end":{"line":50,"column":24}},{"start":{"line":50,"column":28},"end":{"line":50,"column":30}}],"line":50},"9":{"loc":{"start":{"line":52,"column":4},"end":{"line":52,"column":26}},"type":"if","locations":[{"start":{"line":52,"column":4},"end":{"line":52,"column":26}},{"start":{},"end":{}}],"line":52},"10":{"loc":{"start":{"line":60,"column":6},"end":{"line":72,"column":7}},"type":"if","locations":[{"start":{"line":60,"column":6},"end":{"line":72,"column":7}},{"start":{},"end":{}}],"line":60},"11":{"loc":{"start":{"line":100,"column":2},"end":{"line":108,"column":3}},"type":"if","locations":[{"start":{"line":100,"column":2},"end":{"line":108,"column":3}},{"start":{},"end":{}}],"line":100},"12":{"loc":{"start":{"line":100,"column":6},"end":{"line":100,"column":35}},"type":"binary-expr","locations":[{"start":{"line":100,"column":6},"end":{"line":100,"column":19}},{"start":{"line":100,"column":23},"end":{"line":100,"column":35}}],"line":100},"13":{"loc":{"start":{"line":119,"column":21},"end":{"line":121,"column":33}},"type":"cond-expr","locations":[{"start":{"line":120,"column":10},"end":{"line":120,"column":45}},{"start":{"line":121,"column":11},"end":{"line":121,"column":32}}],"line":119},"14":{"loc":{"start":{"line":121,"column":11},"end":{"line":121,"column":32}},"type":"binary-expr","locations":[{"start":{"line":121,"column":11},"end":{"line":121,"column":26}},{"start":{"line":121,"column":30},"end":{"line":121,"column":32}}],"line":121},"15":{"loc":{"start":{"line":123,"column":6},"end":{"line":123,"column":28}},"type":"if","locations":[{"start":{"line":123,"column":6},"end":{"line":123,"column":28}},{"start":{},"end":{}}],"line":123},"16":{"loc":{"start":{"line":133,"column":8},"end":{"line":141,"column":9}},"type":"if","locations":[{"start":{"line":133,"column":8},"end":{"line":141,"column":9}},{"start":{},"end":{}}],"line":133}},"s":{"0":0,"1":0,"2":0,"3":0,"4":0,"5":0,"6":0,"7":0,"8":0,"9":0,"10":0,"11":0,"12":0,"13":0,"14":0,"15":0,"16":0,"17":0,"18":0,"19":0,"20":0,"21":0,"22":0,"23":0,"24":0,"25":0,"26":0,"27":0,"28":0,"29":0,"30":0,"31":0,"32":0,"33":0,"34":0,"35":0,"36":0,"37":0,"38":0,"39":0,"40":0,"41":0,"42":0,"43":0,"44":0,"45":0,"46":0,"47":0,"48":0,"49":0,"50":0,"51":0},"f":{"0":0,"1":0,"2":0,"3":0},"b":{"0":[0,0],"1":[0,0],"2":[0,0],"3":[0,0],"4":[0,0],"5":[0,0],"6":[0,0],"7":[0,0],"8":[0,0],"9":[0,0],"10":[0,0],"11":[0,0],"12":[0,0],"13":[0,0],"14":[0,0],"15":[0,0],"16":[0,0]}}
,"C:\\Users\\munoz\\facilisimo\\src\\utils\\email.js": {"path":"C:\\Users\\munoz\\facilisimo\\src\\utils\\email.js","statementMap":{"0":{"start":{"line":2,"column":19},"end":{"line":2,"column":40}},"1":{"start":{"line":4,"column":20},"end":{"line":11,"column":2}},"2":{"start":{"line":20,"column":2},"end":{"line":25,"column":5}},"3":{"start":{"line":28,"column":0},"end":{"line":28,"column":31}}},"fnMap":{"0":{"name":"sendEmail","decl":{"start":{"line":19,"column":15},"end":{"line":19,"column":24}},"loc":{"start":{"line":19,"column":44},"end":{"line":26,"column":1}},"line":19}},"branchMap":{},"s":{"0":0,"1":0,"2":0,"3":0},"f":{"0":0},"b":{}}
,"C:\\Users\\munoz\\facilisimo\\src\\utils\\errors.js": {"path":"C:\\Users\\munoz\\facilisimo\\src\\utils\\errors.js","statementMap":{"0":{"start":{"line":13,"column":4},"end":{"line":13,"column":19}},"1":{"start":{"line":14,"column":4},"end":{"line":14,"column":33}},"2":{"start":{"line":15,"column":4},"end":{"line":15,"column":21}},"3":{"start":{"line":16,"column":4},"end":{"line":16,"column":30}},"4":{"start":{"line":17,"column":4},"end":{"line":17,"column":52}},"5":{"start":{"line":26,"column":4},"end":{"line":26,"column":30}},"6":{"start":{"line":35,"column":4},"end":{"line":35,"column":30}},"7":{"start":{"line":44,"column":4},"end":{"line":44,"column":30}},"8":{"start":{"line":53,"column":4},"end":{"line":53,"column":30}},"9":{"start":{"line":62,"column":4},"end":{"line":62,"column":30}},"10":{"start":{"line":71,"column":4},"end":{"line":71,"column":30}},"11":{"start":{"line":72,"column":4},"end":{"line":72,"column":25}},"12":{"start":{"line":81,"column":4},"end":{"line":81,"column":30}},"13":{"start":{"line":85,"column":0},"end":{"line":94,"column":2}}},"fnMap":{"0":{"name":"(anonymous_0)","decl":{"start":{"line":12,"column":2},"end":{"line":12,"column":3}},"loc":{"start":{"line":12,"column":48},"end":{"line":18,"column":3}},"line":12},"1":{"name":"(anonymous_1)","decl":{"start":{"line":25,"column":2},"end":{"line":25,"column":3}},"loc":{"start":{"line":25,"column":68},"end":{"line":27,"column":3}},"line":25},"2":{"name":"(anonymous_2)","decl":{"start":{"line":34,"column":2},"end":{"line":34,"column":3}},"loc":{"start":{"line":34,"column":64},"end":{"line":36,"column":3}},"line":34},"3":{"name":"(anonymous_3)","decl":{"start":{"line":43,"column":2},"end":{"line":43,"column":3}},"loc":{"start":{"line":43,"column":64},"end":{"line":45,"column":3}},"line":43},"4":{"name":"(anonymous_4)","decl":{"start":{"line":52,"column":2},"end":{"line":52,"column":3}},"loc":{"start":{"line":52,"column":69},"end":{"line":54,"column":3}},"line":52},"5":{"name":"(anonymous_5)","decl":{"start":{"line":61,"column":2},"end":{"line":61,"column":3}},"loc":{"start":{"line":61,"column":77},"end":{"line":63,"column":3}},"line":61},"6":{"name":"(anonymous_6)","decl":{"start":{"line":70,"column":2},"end":{"line":70,"column":3}},"loc":{"start":{"line":70,"column":87},"end":{"line":73,"column":3}},"line":70},"7":{"name":"(anonymous_7)","decl":{"start":{"line":80,"column":2},"end":{"line":80,"column":3}},"loc":{"start":{"line":80,"column":79},"end":{"line":82,"column":3}},"line":80}},"branchMap":{"0":{"loc":{"start":{"line":12,"column":35},"end":{"line":12,"column":46}},"type":"default-arg","locations":[{"start":{"line":12,"column":42},"end":{"line":12,"column":46}}],"line":12},"1":{"loc":{"start":{"line":25,"column":14},"end":{"line":25,"column":44}},"type":"default-arg","locations":[{"start":{"line":25,"column":24},"end":{"line":25,"column":44}}],"line":25},"2":{"loc":{"start":{"line":25,"column":46},"end":{"line":25,"column":66}},"type":"default-arg","locations":[{"start":{"line":25,"column":53},"end":{"line":25,"column":66}}],"line":25},"3":{"loc":{"start":{"line":34,"column":14},"end":{"line":34,"column":39}},"type":"default-arg","locations":[{"start":{"line":34,"column":24},"end":{"line":34,"column":39}}],"line":34},"4":{"loc":{"start":{"line":34,"column":41},"end":{"line":34,"column":62}},"type":"default-arg","locations":[{"start":{"line":34,"column":48},"end":{"line":34,"column":62}}],"line":34},"5":{"loc":{"start":{"line":43,"column":14},"end":{"line":43,"column":42}},"type":"default-arg","locations":[{"start":{"line":43,"column":24},"end":{"line":43,"column":42}}],"line":43},"6":{"loc":{"start":{"line":43,"column":44},"end":{"line":43,"column":62}},"type":"default-arg","locations":[{"start":{"line":43,"column":51},"end":{"line":43,"column":62}}],"line":43},"7":{"loc":{"start":{"line":52,"column":14},"end":{"line":52,"column":47}},"type":"default-arg","locations":[{"start":{"line":52,"column":24},"end":{"line":52,"column":47}}],"line":52},"8":{"loc":{"start":{"line":52,"column":49},"end":{"line":52,"column":67}},"type":"default-arg","locations":[{"start":{"line":52,"column":56},"end":{"line":52,"column":67}}],"line":52},"9":{"loc":{"start":{"line":61,"column":14},"end":{"line":61,"column":56}},"type":"default-arg","locations":[{"start":{"line":61,"column":24},"end":{"line":61,"column":56}}],"line":61},"10":{"loc":{"start":{"line":61,"column":58},"end":{"line":61,"column":75}},"type":"default-arg","locations":[{"start":{"line":61,"column":65},"end":{"line":61,"column":75}}],"line":61},"11":{"loc":{"start":{"line":70,"column":14},"end":{"line":70,"column":45}},"type":"default-arg","locations":[{"start":{"line":70,"column":24},"end":{"line":70,"column":45}}],"line":70},"12":{"loc":{"start":{"line":70,"column":47},"end":{"line":70,"column":58}},"type":"default-arg","locations":[{"start":{"line":70,"column":56},"end":{"line":70,"column":58}}],"line":70},"13":{"loc":{"start":{"line":70,"column":60},"end":{"line":70,"column":85}},"type":"default-arg","locations":[{"start":{"line":70,"column":67},"end":{"line":70,"column":85}}],"line":70},"14":{"loc":{"start":{"line":80,"column":14},"end":{"line":80,"column":52}},"type":"default-arg","locations":[{"start":{"line":80,"column":24},"end":{"line":80,"column":52}}],"line":80},"15":{"loc":{"start":{"line":80,"column":54},"end":{"line":80,"column":77}},"type":"default-arg","locations":[{"start":{"line":80,"column":61},"end":{"line":80,"column":77}}],"line":80}},"s":{"0":8,"1":8,"2":8,"3":8,"4":8,"5":2,"6":1,"7":0,"8":1,"9":1,"10":1,"11":1,"12":0,"13":1},"f":{"0":8,"1":2,"2":1,"3":0,"4":1,"5":1,"6":1,"7":0},"b":{"0":[1],"1":[1],"2":[1],"3":[1],"4":[1],"5":[0],"6":[0],"7":[0],"8":[1],"9":[1],"10":[1],"11":[0],"12":[0],"13":[1],"14":[0],"15":[0]},"_coverageSchema":"1a1c01bbd47fc00a2c39e90264f33305004495a9","hash":"592039411b6dd21f4d9609d33dea5301e42456c4"}
,"C:\\Users\\munoz\\facilisimo\\src\\utils\\geminiHelper.js": {"path":"C:\\Users\\munoz\\facilisimo\\src\\utils\\geminiHelper.js","statementMap":{"0":{"start":{"line":2,"column":24},"end":{"line":2,"column":48}},"1":{"start":{"line":5,"column":11},"end":{"line":5,"column":66}},"2":{"start":{"line":6,"column":14},"end":{"line":6,"column":65}},"3":{"start":{"line":13,"column":17},"end":{"line":27,"column":8}},"4":{"start":{"line":29,"column":19},"end":{"line":32,"column":4}},"5":{"start":{"line":35,"column":15},"end":{"line":35,"column":35}},"6":{"start":{"line":36,"column":2},"end":{"line":40,"column":3}},"7":{"start":{"line":37,"column":4},"end":{"line":37,"column":28}},"8":{"start":{"line":39,"column":4},"end":{"line":39,"column":66}},"9":{"start":{"line":43,"column":0},"end":{"line":43,"column":37}}},"fnMap":{"0":{"name":"compareWithChat","decl":{"start":{"line":12,"column":15},"end":{"line":12,"column":30}},"loc":{"start":{"line":12,"column":47},"end":{"line":41,"column":1}},"line":12}},"branchMap":{"0":{"loc":{"start":{"line":6,"column":14},"end":{"line":6,"column":65}},"type":"binary-expr","locations":[{"start":{"line":6,"column":14},"end":{"line":6,"column":43}},{"start":{"line":6,"column":47},"end":{"line":6,"column":65}}],"line":6}},"s":{"0":0,"1":0,"2":0,"3":0,"4":0,"5":0,"6":0,"7":0,"8":0,"9":0},"f":{"0":0},"b":{"0":[0,0]}}
,"C:\\Users\\munoz\\facilisimo\\src\\utils\\pdfExtractor.js": {"path":"C:\\Users\\munoz\\facilisimo\\src\\utils\\pdfExtractor.js","statementMap":{"0":{"start":{"line":1,"column":11},"end":{"line":1,"column":24}},"1":{"start":{"line":2,"column":13},"end":{"line":2,"column":28}},"2":{"start":{"line":6,"column":2},"end":{"line":6,"column":27}},"3":{"start":{"line":6,"column":17},"end":{"line":6,"column":27}},"4":{"start":{"line":8,"column":13},"end":{"line":8,"column":29}},"5":{"start":{"line":11,"column":2},"end":{"line":11,"column":38}},"6":{"start":{"line":15,"column":2},"end":{"line":15,"column":106}},"7":{"start":{"line":18,"column":2},"end":{"line":18,"column":39}},"8":{"start":{"line":21,"column":2},"end":{"line":21,"column":38}},"9":{"start":{"line":24,"column":2},"end":{"line":24,"column":52}},"10":{"start":{"line":27,"column":2},"end":{"line":27,"column":63}},"11":{"start":{"line":30,"column":2},"end":{"line":30,"column":38}},"12":{"start":{"line":33,"column":2},"end":{"line":33,"column":21}},"13":{"start":{"line":35,"column":2},"end":{"line":35,"column":14}},"14":{"start":{"line":40,"column":0},"end":{"line":63,"column":1}},"15":{"start":{"line":41,"column":2},"end":{"line":41,"column":35}},"16":{"start":{"line":43,"column":19},"end":{"line":43,"column":39}},"17":{"start":{"line":53,"column":2},"end":{"line":62,"column":4}},"18":{"start":{"line":54,"column":23},"end":{"line":54,"column":47}},"19":{"start":{"line":55,"column":21},"end":{"line":55,"column":47}},"20":{"start":{"line":57,"column":25},"end":{"line":57,"column":65}},"21":{"start":{"line":58,"column":21},"end":{"line":58,"column":56}},"22":{"start":{"line":59,"column":20},"end":{"line":59,"column":53}},"23":{"start":{"line":60,"column":4},"end":{"line":60,"column":65}},"24":{"start":{"line":61,"column":4},"end":{"line":61,"column":24}},"25":{"start":{"line":65,"column":0},"end":{"line":65,"column":33}}},"fnMap":{"0":{"name":"cleanText","decl":{"start":{"line":5,"column":9},"end":{"line":5,"column":18}},"loc":{"start":{"line":5,"column":29},"end":{"line":36,"column":1}},"line":5},"1":{"name":"(anonymous_1)","decl":{"start":{"line":53,"column":16},"end":{"line":53,"column":17}},"loc":{"start":{"line":53,"column":52},"end":{"line":62,"column":3}},"line":53}},"branchMap":{"0":{"loc":{"start":{"line":6,"column":2},"end":{"line":6,"column":27}},"type":"if","locations":[{"start":{"line":6,"column":2},"end":{"line":6,"column":27}},{"start":{},"end":{}}],"line":6},"1":{"loc":{"start":{"line":40,"column":0},"end":{"line":63,"column":1}},"type":"if","locations":[{"start":{"line":40,"column":0},"end":{"line":63,"column":1}},{"start":{"line":42,"column":7},"end":{"line":63,"column":1}}],"line":40},"2":{"loc":{"start":{"line":53,"column":32},"end":{"line":53,"column":47}},"type":"default-arg","locations":[{"start":{"line":53,"column":44},"end":{"line":53,"column":47}}],"line":53}},"s":{"0":0,"1":0,"2":0,"3":0,"4":0,"5":0,"6":0,"7":0,"8":0,"9":0,"10":0,"11":0,"12":0,"13":0,"14":0,"15":0,"16":0,"17":0,"18":0,"19":0,"20":0,"21":0,"22":0,"23":0,"24":0,"25":0},"f":{"0":0,"1":0},"b":{"0":[0,0],"1":[0,0],"2":[0]}}
,"C:\\Users\\munoz\\facilisimo\\src\\utils\\responseFormatter.js": {"path":"C:\\Users\\munoz\\facilisimo\\src\\utils\\responseFormatter.js","statementMap":{"0":{"start":{"line":13,"column":0},"end":{"line":20,"column":2}},"1":{"start":{"line":14,"column":19},"end":{"line":18,"column":3}},"2":{"start":{"line":19,"column":2},"end":{"line":19,"column":40}},"3":{"start":{"line":27,"column":0},"end":{"line":29,"column":2}},"4":{"start":{"line":28,"column":2},"end":{"line":28,"column":38}},"5":{"start":{"line":37,"column":0},"end":{"line":39,"column":2}},"6":{"start":{"line":38,"column":2},"end":{"line":38,"column":47}},"7":{"start":{"line":45,"column":0},"end":{"line":47,"column":2}},"8":{"start":{"line":46,"column":2},"end":{"line":46,"column":25}}},"fnMap":{"0":{"name":"(anonymous_0)","decl":{"start":{"line":13,"column":22},"end":{"line":13,"column":23}},"loc":{"start":{"line":13,"column":65},"end":{"line":20,"column":1}},"line":13},"1":{"name":"(anonymous_1)","decl":{"start":{"line":27,"column":17},"end":{"line":27,"column":18}},"loc":{"start":{"line":27,"column":32},"end":{"line":29,"column":1}},"line":27},"2":{"name":"(anonymous_2)","decl":{"start":{"line":37,"column":22},"end":{"line":37,"column":23}},"loc":{"start":{"line":37,"column":53},"end":{"line":39,"column":1}},"line":37},"3":{"name":"(anonymous_3)","decl":{"start":{"line":45,"column":24},"end":{"line":45,"column":25}},"loc":{"start":{"line":45,"column":33},"end":{"line":47,"column":1}},"line":45}},"branchMap":{"0":{"loc":{"start":{"line":13,"column":46},"end":{"line":13,"column":60}},"type":"default-arg","locations":[{"start":{"line":13,"column":56},"end":{"line":13,"column":60}}],"line":13},"1":{"loc":{"start":{"line":16,"column":8},"end":{"line":16,"column":30}},"type":"binary-expr","locations":[{"start":{"line":16,"column":8},"end":{"line":16,"column":15}},{"start":{"line":16,"column":19},"end":{"line":16,"column":30}}],"line":16},"2":{"loc":{"start":{"line":17,"column":8},"end":{"line":17,"column":24}},"type":"binary-expr","locations":[{"start":{"line":17,"column":8},"end":{"line":17,"column":12}},{"start":{"line":17,"column":16},"end":{"line":17,"column":24}}],"line":17},"3":{"loc":{"start":{"line":37,"column":34},"end":{"line":37,"column":48}},"type":"default-arg","locations":[{"start":{"line":37,"column":44},"end":{"line":37,"column":48}}],"line":37}},"s":{"0":1,"1":6,"2":6,"3":1,"4":1,"5":1,"6":2,"7":1,"8":1},"f":{"0":6,"1":1,"2":2,"3":1},"b":{"0":[2],"1":[6,3],"2":[6,5],"3":[1]},"_coverageSchema":"1a1c01bbd47fc00a2c39e90264f33305004495a9","hash":"f5961ad1116042be3aa46449e102463c8ccde97d"}
}
